0 verbose cli /usr/local/bin/node /usr/local/bin/npm
1 info using npm@9.8.1
2 info using node@v19.9.0
3 timing npm:load:whichnode Completed in 1ms
4 timing config:load:defaults Completed in 1ms
5 timing config:load:file:/usr/local/lib/node_modules/npm/npmrc Completed in 1ms
6 timing config:load:builtin Completed in 1ms
7 timing config:load:cli Completed in 1ms
8 timing config:load:env Completed in 0ms
9 timing config:load:project Completed in 2ms
10 timing config:load:file:/home/container/.npmrc Completed in 0ms
11 timing config:load:user Completed in 0ms
12 timing config:load:file:/usr/local/etc/npmrc Completed in 84ms
13 timing config:load:global Completed in 84ms
14 timing config:load:setEnvs Completed in 1ms
15 timing config:load Completed in 90ms
16 timing npm:load:configload Completed in 90ms
17 timing config:load:flatten Completed in 1ms
18 timing npm:load:mkdirpcache Completed in 0ms
19 timing npm:load:mkdirplogs Completed in 1ms
20 verbose title npm install
21 verbose argv "install"
22 timing npm:load:setTitle Completed in 0ms
23 timing npm:load:display Completed in 0ms
24 verbose logfile logs-max:10 dir:/home/container/.npm/_logs/2024-02-04T00_41_32_021Z-
25 verbose logfile /home/container/.npm/_logs/2024-02-04T00_41_32_021Z-debug-0.log
26 timing npm:load:logFile Completed in 5ms
27 timing npm:load:timers Completed in 0ms
28 timing npm:load:configScope Completed in 0ms
29 timing npm:load Completed in 105ms
30 timing arborist:ctor Completed in 0ms
31 silly logfile start cleaning logs, removing 1 files
32 silly logfile done cleaning log files
33 timing idealTree:init Completed in 98ms
34 timing idealTree:userRequests Completed in 0ms
35 silly idealTree buildDeps
36 timing idealTree:#root Completed in 1ms
37 timing idealTree:buildDeps Completed in 1ms
38 timing idealTree:fixDepFlags Completed in 0ms
39 timing idealTree Completed in 101ms
40 timing arborist:ctor Completed in 0ms
41 timing reify:loadTrees Completed in 191ms
42 timing reify:diffTrees Completed in 2ms
43 silly reify moves {}
44 timing reify:retireShallow Completed in 0ms
45 timing reify:createSparse Completed in 0ms
46 timing reify:loadBundles Completed in 0ms
47 silly audit bulk request {
47 silly audit   '@discordjs/builders': [ '1.6.5' ],
47 silly audit   '@discordjs/collection': [ '1.5.3' ],
47 silly audit   '@discordjs/formatters': [ '0.3.2' ],
47 silly audit   '@discordjs/rest': [ '2.0.1' ],
47 silly audit   '@discordjs/util': [ '1.0.1' ],
47 silly audit   '@discordjs/ws': [ '1.0.1' ],
47 silly audit   '@sapphire/async-queue': [ '1.5.0' ],
47 silly audit   '@sapphire/shapeshift': [ '3.9.2' ],
47 silly audit   '@sapphire/snowflake': [ '3.5.1' ],
47 silly audit   '@types/node': [ '20.5.1' ],
47 silly audit   '@types/webidl-conversions': [ '7.0.0' ],
47 silly audit   '@types/whatwg-url': [ '8.2.2' ],
47 silly audit   '@types/ws': [ '8.5.5' ],
47 silly audit   '@vladfrangu/async_event_emitter': [ '2.2.2' ],
47 silly audit   'ansi-styles': [ '3.2.1' ],
47 silly audit   bson: [ '5.4.0' ],
47 silly audit   busboy: [ '1.6.0' ],
47 silly audit   chalk: [ '2.4.2' ],
47 silly audit   'color-convert': [ '1.9.3' ],
47 silly audit   'color-name': [ '1.1.3' ],
47 silly audit   debug: [ '4.3.4' ],
47 silly audit   ms: [ '2.1.2', '2.1.3' ],
47 silly audit   'discord-api-types': [ '0.37.50' ],
47 silly audit   'discord.js': [ '14.13.0' ],
47 silly audit   dotenv: [ '16.3.1' ],
47 silly audit   'escape-string-regexp': [ '1.0.5' ],
47 silly audit   'fast-deep-equal': [ '3.1.3' ],
47 silly audit   'has-flag': [ '3.0.0' ],
47 silly audit   ip: [ '2.0.0' ],
47 silly audit   kareem: [ '2.5.1' ],
47 silly audit   lodash: [ '4.17.21' ],
47 silly audit   'lodash.snakecase': [ '4.1.1' ],
47 silly audit   'magic-bytes.js': [ '1.0.15' ],
47 silly audit   'memory-pager': [ '1.5.0' ],
47 silly audit   mongodb: [ '5.7.0' ],
47 silly audit   'mongodb-connection-string-url': [ '2.6.0' ],
47 silly audit   mongoose: [ '7.4.3' ],
47 silly audit   mpath: [ '0.9.0' ],
47 silly audit   mquery: [ '5.0.0' ],
47 silly audit   punycode: [ '2.3.0' ],
47 silly audit   saslprep: [ '1.0.3' ],
47 silly audit   sift: [ '16.0.1' ],
47 silly audit   'smart-buffer': [ '4.2.0' ],
47 silly audit   socks: [ '2.7.1' ],
47 silly audit   'sparse-bitfield': [ '3.0.3' ],
47 silly audit   streamsearch: [ '1.1.0' ],
47 silly audit   'supports-color': [ '5.5.0' ],
47 silly audit   tr46: [ '3.0.0' ],
47 silly audit   'ts-mixer': [ '6.0.3' ],
47 silly audit   tslib: [ '2.6.2' ],
47 silly audit   undici: [ '5.22.1' ],
47 silly audit   'webidl-conversions': [ '7.0.0' ],
47 silly audit   'whatwg-url': [ '11.0.0' ],
47 silly audit   ws: [ '8.13.0' ]
47 silly audit }
48 timing reify:unpack Completed in 1ms
49 timing reify:unretire Completed in 0ms
50 timing build:queue Completed in 0ms
51 timing build:deps Completed in 0ms
52 timing build Completed in 0ms
53 timing reify:build Completed in 0ms
54 timing reify:trash Completed in 1ms
55 timing reify:save Completed in 88ms
56 http fetch POST 200 https://registry.npmjs.org/-/npm/v1/security/advisories/bulk 382ms
57 timing auditReport:getReport Completed in 384ms
58 silly audit report {
58 silly audit report   mongodb: [
58 silly audit report     {
58 silly audit report       id: 1094773,
58 silly audit report       url: 'https://github.com/advisories/GHSA-vxvm-qww3-2fh7',
58 silly audit report       title: 'MongoDB Driver may publish events containing authentication-related data',
58 silly audit report       severity: 'moderate',
58 silly audit report       vulnerable_versions: '>=5.0.0 <5.8.0',
58 silly audit report       cwe: [Array],
58 silly audit report       cvss: [Object]
58 silly audit report     }
58 silly audit report   ],
58 silly audit report   undici: [
58 silly audit report     {
58 silly audit report       id: 1094515,
58 silly audit report       url: 'https://github.com/advisories/GHSA-wqq4-5wpv-mx2g',
58 silly audit report       title: "Undici's cookie header not cleared on cross-origin redirect in fetch",
58 silly audit report       severity: 'low',
58 silly audit report       vulnerable_versions: '<5.26.2',
58 silly audit report       cwe: [Array],
58 silly audit report       cvss: [Object]
58 silly audit report     }
58 silly audit report   ]
58 silly audit report }
59 timing metavuln:cache:get:security-advisory:mongodb:8Ds9a25R4dgKf6kSh1TALHoOfzNyGN/H6bWx36Z5UAEB/AIJSBqdRvRBxKgnELGFG3I0dR80EgKT+j2Arr5B4g== Completed in 5ms
60 timing metavuln:cache:get:security-advisory:undici:LVA0PUXDNBReLTPS+TI9Iu88e+KDflnyDmYT5ai963hfhyA/0DSzDjvIOEG4SWPsxW9YWYBdJdqNBVOnk7adeA== Completed in 4ms
61 http fetch GET 200 https://registry.npmjs.org/mongodb 28ms (cache revalidated)
62 timing metavuln:packument:mongodb Completed in 32ms
63 timing metavuln:load:security-advisory:mongodb:1094773 Completed in 1ms
64 timing metavuln:calculate:security-advisory:mongodb:1094773 Completed in 33ms
65 http fetch GET 200 https://registry.npmjs.org/undici 759ms (cache revalidated)
66 timing metavuln:packument:undici Completed in 760ms
67 timing metavuln:load:security-advisory:undici:1094515 Completed in 1ms
68 timing metavuln:calculate:security-advisory:undici:1094515 Completed in 761ms
69 timing metavuln:cache:get:security-advisory:mongoose:a8Yq6X5+GVbUWQW7XGhJxAqOAYbNJOJwZN5gQQfbNfmc3/zE9baQAh+OcedXe+5CPxfuSxkvfnAWi244VHP45w== Completed in 1ms
70 http fetch GET 200 https://registry.npmjs.org/mongoose 32ms (cache revalidated)
71 timing metavuln:packument:mongoose Completed in 39ms
72 timing metavuln:load:security-advisory:mongoose:8Ds9a25R4dgKf6kSh1TALHoOfzNyGN/H6bWx36Z5UAEB/AIJSBqdRvRBxKgnELGFG3I0dR80EgKT+j2Arr5B4g== Completed in 3ms
73 timing metavuln:calculate:security-advisory:mongoose:8Ds9a25R4dgKf6kSh1TALHoOfzNyGN/H6bWx36Z5UAEB/AIJSBqdRvRBxKgnELGFG3I0dR80EgKT+j2Arr5B4g== Completed in 42ms
74 timing metavuln:cache:get:security-advisory:discord.js:35+Fog3shpS45AdC9bHlQQ0Q2cszKszFxgVxSzXOjPgoKgodYqPWFwxAAtPxz//2Q4hux8likNPgvMtmlszAJw== Completed in 2ms
75 timing metavuln:cache:get:security-advisory:@discordjs/rest:nTbAso0h2wSeYTBYupB0K+vc5TWeneF8gvjQxyUOfJnMv9zRWfuBYh+72sxQH3iJnB8thnUG2rvwpneUegvCrg== Completed in 3ms
76 http fetch GET 200 https://registry.npmjs.org/discord.js 29ms (cache revalidated)
77 timing metavuln:packument:discord.js Completed in 100ms
78 timing metavuln:load:security-advisory:discord.js:LVA0PUXDNBReLTPS+TI9Iu88e+KDflnyDmYT5ai963hfhyA/0DSzDjvIOEG4SWPsxW9YWYBdJdqNBVOnk7adeA== Completed in 9ms
79 timing metavuln:calculate:security-advisory:discord.js:LVA0PUXDNBReLTPS+TI9Iu88e+KDflnyDmYT5ai963hfhyA/0DSzDjvIOEG4SWPsxW9YWYBdJdqNBVOnk7adeA== Completed in 109ms
80 http fetch GET 200 https://registry.npmjs.org/@discordjs%2frest 114ms (cache revalidated)
81 timing metavuln:packument:@discordjs/rest Completed in 306ms
82 timing metavuln:load:security-advisory:@discordjs/rest:LVA0PUXDNBReLTPS+TI9Iu88e+KDflnyDmYT5ai963hfhyA/0DSzDjvIOEG4SWPsxW9YWYBdJdqNBVOnk7adeA== Completed in 4ms
83 timing metavuln:calculate:security-advisory:@discordjs/rest:LVA0PUXDNBReLTPS+TI9Iu88e+KDflnyDmYT5ai963hfhyA/0DSzDjvIOEG4SWPsxW9YWYBdJdqNBVOnk7adeA== Completed in 310ms
84 timing metavuln:cache:get:security-advisory:discord.js:MYNh95YeDJpTLiCTjYqhNIgyZjoA5CWozXUwHNd5xsx6on+2nmNOuiVk8yOZ1cb/X7FKWkv4m/xk7fCACYQyRw== Completed in 2ms
85 timing metavuln:load:security-advisory:discord.js:nTbAso0h2wSeYTBYupB0K+vc5TWeneF8gvjQxyUOfJnMv9zRWfuBYh+72sxQH3iJnB8thnUG2rvwpneUegvCrg== Completed in 9ms
86 timing metavuln:calculate:security-advisory:discord.js:nTbAso0h2wSeYTBYupB0K+vc5TWeneF8gvjQxyUOfJnMv9zRWfuBYh+72sxQH3iJnB8thnUG2rvwpneUegvCrg== Completed in 11ms
87 timing metavuln:cache:get:security-advisory:@discordjs/ws:+mHKy+ULb5O8bpaLVgOY2Yg6G3AifFXHYj7eJYJwqveYNV7dMI5izxWcwc1tPKfTahRq5mxP53r3gDP9Sgh2rQ== Completed in 183ms
88 http fetch GET 200 https://registry.npmjs.org/@discordjs%2fws 1559ms (cache revalidated)
89 timing metavuln:packument:@discordjs/ws Completed in 1647ms
90 timing metavuln:load:security-advisory:@discordjs/ws:nTbAso0h2wSeYTBYupB0K+vc5TWeneF8gvjQxyUOfJnMv9zRWfuBYh+72sxQH3iJnB8thnUG2rvwpneUegvCrg== Completed in 4ms
91 timing metavuln:calculate:security-advisory:@discordjs/ws:nTbAso0h2wSeYTBYupB0K+vc5TWeneF8gvjQxyUOfJnMv9zRWfuBYh+72sxQH3iJnB8thnUG2rvwpneUegvCrg== Completed in 1651ms
92 timing auditReport:init Completed in 2773ms
93 timing reify:audit Completed in 3158ms
94 timing reify Completed in 3356ms
95 timing command:install Completed in 3596ms
96 verbose exit 0
97 timing npm Completed in 4101ms
98 info ok
